C:\USERS\VETAL\DESKTOP\VLAUNCHERRELOADED\DEBUG\VLAUNCHERRELOADED.EXE
C:\USERS\VETAL\DESKTOP\VLAUNCHERRELOADED\DEBUG\VLAUNCHERRELOADED.ILK
C:\USERS\VETAL\DESKTOP\VLAUNCHERRELOADED\DEBUG\VLAUNCHERRELOADED.PDB
C:\USERS\VETAL\DESKTOP\VLAUNCHERRELOADED\VLAUNCHERRELOADED\DEBUG\.NETFRAMEWORK,VERSION=V4.0.ASSEMBLYATTRIBUTES.OBJ
C:\USERS\VETAL\DESKTOP\VLAUNCHERRELOADED\VLAUNCHERRELOADED\DEBUG\APP.RES
C:\USERS\VETAL\DESKTOP\VLAUNCHERRELOADED\VLAUNCHERRELOADED\DEBUG\ASSEMBLYINFO.OBJ
C:\Users\VetaL\Desktop\vLauncherRELOADED\vLauncherRELOADED\Debug\cl.command.1.tlog
C:\Users\VetaL\Desktop\vLauncherRELOADED\vLauncherRELOADED\Debug\CL.read.1.tlog
C:\Users\VetaL\Desktop\vLauncherRELOADED\vLauncherRELOADED\Debug\CL.write.1.tlog
C:\USERS\VETAL\DESKTOP\VLAUNCHERRELOADED\VLAUNCHERRELOADED\DEBUG\FORM2.OBJ
C:\Users\VetaL\Desktop\vLauncherRELOADED\vLauncherRELOADED\Debug\GenerateResource.read.55.tlog
C:\Users\VetaL\Desktop\vLauncherRELOADED\vLauncherRELOADED\Debug\GenerateResource.write.55.tlog
C:\Users\VetaL\Desktop\vLauncherRELOADED\vLauncherRELOADED\Debug\link.1820.read.1.tlog
C:\Users\VetaL\Desktop\vLauncherRELOADED\vLauncherRELOADED\Debug\link.1820.write.1.tlog
C:\Users\VetaL\Desktop\vLauncherRELOADED\vLauncherRELOADED\Debug\link.1820-cvtres.read.1.tlog
C:\Users\VetaL\Desktop\vLauncherRELOADED\vLauncherRELOADED\Debug\link.1820-cvtres.write.1.tlog
C:\Users\VetaL\Desktop\vLauncherRELOADED\vLauncherRELOADED\Debug\link.command.1.tlog
C:\Users\VetaL\Desktop\vLauncherRELOADED\vLauncherRELOADED\Debug\link.read.1.tlog
C:\Users\VetaL\Desktop\vLauncherRELOADED\vLauncherRELOADED\Debug\link.write.1.tlog
C:\Users\VetaL\Desktop\vLauncherRELOADED\vLauncherRELOADED\Debug\mt.command.1.tlog
C:\Users\VetaL\Desktop\vLauncherRELOADED\vLauncherRELOADED\Debug\mt.read.1.tlog
C:\Users\VetaL\Desktop\vLauncherRELOADED\vLauncherRELOADED\Debug\mt.write.1.tlog
C:\Users\VetaL\Desktop\vLauncherRELOADED\vLauncherRELOADED\Debug\rc.command.1.tlog
C:\Users\VetaL\Desktop\vLauncherRELOADED\vLauncherRELOADED\Debug\rc.read.1.tlog
C:\Users\VetaL\Desktop\vLauncherRELOADED\vLauncherRELOADED\Debug\rc.write.1.tlog
C:\USERS\VETAL\DESKTOP\VLAUNCHERRELOADED\VLAUNCHERRELOADED\DEBUG\STDAFX.OBJ
C:\USERS\VETAL\DESKTOP\VLAUNCHERRELOADED\VLAUNCHERRELOADED\DEBUG\VC100.PDB
C:\USERS\VETAL\DESKTOP\VLAUNCHERRELOADED\VLAUNCHERRELOADED\DEBUG\VLAUNCHERRELOADED.EXE.INTERMEDIATE.MANIFEST
C:\USERS\VETAL\DESKTOP\VLAUNCHERRELOADED\VLAUNCHERRELOADED\DEBUG\VLAUNCHERRELOADED.FORM1.RESOURCES
C:\USERS\VETAL\DESKTOP\VLAUNCHERRELOADED\VLAUNCHERRELOADED\DEBUG\VLAUNCHERRELOADED.FORM2.RESOURCES
C:\USERS\VETAL\DESKTOP\VLAUNCHERRELOADED\VLAUNCHERRELOADED\DEBUG\VLAUNCHERRELOADED.OBJ
C:\USERS\VETAL\DESKTOP\VLAUNCHERRELOADED\VLAUNCHERRELOADED\DEBUG\VLAUNCHERRELOADED.PCH
C:\Users\VetaL\Desktop\vLauncherRELOADED\vLauncherRELOADED\Debug\vLauncherRELOADED.write.1.tlog
